{"level":"info","message":"App started on port 3000"}
{"level":"info","message":"App started on port 3000"}
{"level":"info","message":"App started on port 3000"}
{"level":"info","message":"App started on port 3000"}
{"level":"info","message":"App started on port 3000"}
{"level":"info","message":"App started on port 3000"}
{"level":"info","message":"App started on port 3000"}
{"level":"info","message":"/favicon.ico"}
{"level":"info","message":"App started on port 3000"}
{"level":"info","message":"App started on port 3000"}
{"level":"info","message":"App started on port 3000"}
{"level":"info","message":"App started on port 3000"}
{"level":"info","message":"App started on port 3000"}
{"level":"info","message":"App started on port 3000"}
{"level":"info","message":"/api"}
{"level":"info","message":"App started on port 3000"}
{"level":"info","message":"/api"}
{"level":"info","message":"/api/signUpUser"}
{"level":"info","message":"/api//signup"}
{"level":"info","message":"/api/signup"}
{"level":"info","message":"App started on port 3000"}
{"level":"info","message":"/api/signu"}
{"level":"info","message":"App started on port 3000"}
{"level":"info","message":"/api/signu"}
{"level":"info","message":"App started on port 3000"}
{"level":"info","message":"App started on port 3000"}
{"level":"info","message":"App started on port 3000"}
{"level":"info","message":"App started on port 3000"}
{"level":"info","message":"App started on port 3000"}
{"level":"info","message":"App started on port 3000"}
{"level":"info","message":"App started on port 3000"}
{"level":"info","message":"/api/signup"}
{"level":"info","message":"/api/findusers"}
